  Source.cpp
D:\DOHOAMT\DuaXe_003\Source.cpp(72,25): warning C4244: 'argument': conversion from 'int' to 'GLfloat', possible loss of data
D:\DOHOAMT\DuaXe_003\Source.cpp(72,19): warning C4244: 'argument': conversion from 'int' to 'GLfloat', possible loss of data
D:\DOHOAMT\DuaXe_003\Source.cpp(88,25): warning C4244: 'argument': conversion from 'int' to 'GLfloat', possible loss of data
D:\DOHOAMT\DuaXe_003\Source.cpp(88,19): warning C4244: 'argument': conversion from 'int' to 'GLfloat', possible loss of data
D:\DOHOAMT\DuaXe_003\Source.cpp(127,53): warning C4305: 'argument': truncation from 'double' to 'GLfloat'
D:\DOHOAMT\DuaXe_003\Source.cpp(140,21): warning C4244: 'argument': conversion from 'int' to 'GLfloat', possible loss of data
D:\DOHOAMT\DuaXe_003\Source.cpp(147,44): warning C4244: 'argument': conversion from 'int' to 'GLfloat', possible loss of data
D:\DOHOAMT\DuaXe_003\Source.cpp(147,25): warning C4244: 'argument': conversion from 'int' to 'GLfloat', possible loss of data
D:\DOHOAMT\DuaXe_003\Source.cpp(148,44): warning C4244: 'argument': conversion from 'int' to 'GLfloat', possible loss of data
D:\DOHOAMT\DuaXe_003\Source.cpp(148,25): warning C4244: 'argument': conversion from 'int' to 'GLfloat', possible loss of data
D:\DOHOAMT\DuaXe_003\Source.cpp(149,44): warning C4244: 'argument': conversion from 'int' to 'GLfloat', possible loss of data
D:\DOHOAMT\DuaXe_003\Source.cpp(149,25): warning C4244: 'argument': conversion from 'int' to 'GLfloat', possible loss of data
D:\DOHOAMT\DuaXe_003\Source.cpp(150,44): warning C4244: 'argument': conversion from 'int' to 'GLfloat', possible loss of data
D:\DOHOAMT\DuaXe_003\Source.cpp(150,25): warning C4244: 'argument': conversion from 'int' to 'GLfloat', possible loss of data
D:\DOHOAMT\DuaXe_003\Source.cpp(158,45): warning C4244: 'argument': conversion from 'int' to 'GLfloat', possible loss of data
D:\DOHOAMT\DuaXe_003\Source.cpp(158,26): warning C4244: 'argument': conversion from 'int' to 'GLfloat', possible loss of data
D:\DOHOAMT\DuaXe_003\Source.cpp(159,45): warning C4244: 'argument': conversion from 'int' to 'GLfloat', possible loss of data
D:\DOHOAMT\DuaXe_003\Source.cpp(159,26): warning C4244: 'argument': conversion from 'int' to 'GLfloat', possible loss of data
D:\DOHOAMT\DuaXe_003\Source.cpp(160,45): warning C4244: 'argument': conversion from 'int' to 'GLfloat', possible loss of data
D:\DOHOAMT\DuaXe_003\Source.cpp(160,26): warning C4244: 'argument': conversion from 'int' to 'GLfloat', possible loss of data
D:\DOHOAMT\DuaXe_003\Source.cpp(161,45): warning C4244: 'argument': conversion from 'int' to 'GLfloat', possible loss of data
D:\DOHOAMT\DuaXe_003\Source.cpp(161,26): warning C4244: 'argument': conversion from 'int' to 'GLfloat', possible loss of data
D:\DOHOAMT\DuaXe_003\Source.cpp(173,40): warning C4244: 'argument': conversion from 'int' to 'GLfloat', possible loss of data
D:\DOHOAMT\DuaXe_003\Source.cpp(173,25): warning C4244: 'argument': conversion from 'int' to 'GLfloat', possible loss of data
D:\DOHOAMT\DuaXe_003\Source.cpp(174,40): warning C4244: 'argument': conversion from 'int' to 'GLfloat', possible loss of data
D:\DOHOAMT\DuaXe_003\Source.cpp(174,25): warning C4244: 'argument': conversion from 'int' to 'GLfloat', possible loss of data
D:\DOHOAMT\DuaXe_003\Source.cpp(175,40): warning C4244: 'argument': conversion from 'int' to 'GLfloat', possible loss of data
D:\DOHOAMT\DuaXe_003\Source.cpp(175,25): warning C4244: 'argument': conversion from 'int' to 'GLfloat', possible loss of data
D:\DOHOAMT\DuaXe_003\Source.cpp(176,40): warning C4244: 'argument': conversion from 'int' to 'GLfloat', possible loss of data
D:\DOHOAMT\DuaXe_003\Source.cpp(176,25): warning C4244: 'argument': conversion from 'int' to 'GLfloat', possible loss of data
D:\DOHOAMT\DuaXe_003\Source.cpp(180,54): warning C4305: 'argument': truncation from 'double' to 'GLfloat'
D:\DOHOAMT\DuaXe_003\Source.cpp(181,40): warning C4244: 'argument': conversion from 'int' to 'GLfloat', possible loss of data
D:\DOHOAMT\DuaXe_003\Source.cpp(181,25): warning C4244: 'argument': conversion from 'int' to 'GLfloat', possible loss of data
D:\DOHOAMT\DuaXe_003\Source.cpp(182,40): warning C4244: 'argument': conversion from 'int' to 'GLfloat', possible loss of data
D:\DOHOAMT\DuaXe_003\Source.cpp(182,25): warning C4244: 'argument': conversion from 'int' to 'GLfloat', possible loss of data
D:\DOHOAMT\DuaXe_003\Source.cpp(183,40): warning C4244: 'argument': conversion from 'int' to 'GLfloat', possible loss of data
D:\DOHOAMT\DuaXe_003\Source.cpp(183,25): warning C4244: 'argument': conversion from 'int' to 'GLfloat', possible loss of data
D:\DOHOAMT\DuaXe_003\Source.cpp(184,40): warning C4244: 'argument': conversion from 'int' to 'GLfloat', possible loss of data
D:\DOHOAMT\DuaXe_003\Source.cpp(184,25): warning C4244: 'argument': conversion from 'int' to 'GLfloat', possible loss of data
D:\DOHOAMT\DuaXe_003\Source.cpp(189,40): warning C4244: 'argument': conversion from 'int' to 'GLfloat', possible loss of data
D:\DOHOAMT\DuaXe_003\Source.cpp(189,25): warning C4244: 'argument': conversion from 'int' to 'GLfloat', possible loss of data
D:\DOHOAMT\DuaXe_003\Source.cpp(190,40): warning C4244: 'argument': conversion from 'int' to 'GLfloat', possible loss of data
D:\DOHOAMT\DuaXe_003\Source.cpp(190,25): warning C4244: 'argument': conversion from 'int' to 'GLfloat', possible loss of data
D:\DOHOAMT\DuaXe_003\Source.cpp(191,40): warning C4244: 'argument': conversion from 'int' to 'GLfloat', possible loss of data
D:\DOHOAMT\DuaXe_003\Source.cpp(191,25): warning C4244: 'argument': conversion from 'int' to 'GLfloat', possible loss of data
D:\DOHOAMT\DuaXe_003\Source.cpp(192,40): warning C4244: 'argument': conversion from 'int' to 'GLfloat', possible loss of data
D:\DOHOAMT\DuaXe_003\Source.cpp(192,25): warning C4244: 'argument': conversion from 'int' to 'GLfloat', possible loss of data
D:\DOHOAMT\DuaXe_003\Source.cpp(197,40): warning C4244: 'argument': conversion from 'int' to 'GLfloat', possible loss of data
D:\DOHOAMT\DuaXe_003\Source.cpp(197,25): warning C4244: 'argument': conversion from 'int' to 'GLfloat', possible loss of data
D:\DOHOAMT\DuaXe_003\Source.cpp(198,40): warning C4244: 'argument': conversion from 'int' to 'GLfloat', possible loss of data
D:\DOHOAMT\DuaXe_003\Source.cpp(198,25): warning C4244: 'argument': conversion from 'int' to 'GLfloat', possible loss of data
D:\DOHOAMT\DuaXe_003\Source.cpp(199,40): warning C4244: 'argument': conversion from 'int' to 'GLfloat', possible loss of data
D:\DOHOAMT\DuaXe_003\Source.cpp(199,25): warning C4244: 'argument': conversion from 'int' to 'GLfloat', possible loss of data
D:\DOHOAMT\DuaXe_003\Source.cpp(200,40): warning C4244: 'argument': conversion from 'int' to 'GLfloat', possible loss of data
D:\DOHOAMT\DuaXe_003\Source.cpp(200,25): warning C4244: 'argument': conversion from 'int' to 'GLfloat', possible loss of data
D:\DOHOAMT\DuaXe_003\Source.cpp(212,38): warning C4305: 'argument': truncation from 'double' to 'GLfloat'
D:\DOHOAMT\DuaXe_003\Source.cpp(213,52): warning C4244: 'argument': conversion from 'int' to 'GLfloat', possible loss of data
D:\DOHOAMT\DuaXe_003\Source.cpp(213,33): warning C4244: 'argument': conversion from 'int' to 'GLfloat', possible loss of data
D:\DOHOAMT\DuaXe_003\Source.cpp(214,52): warning C4244: 'argument': conversion from 'int' to 'GLfloat', possible loss of data
D:\DOHOAMT\DuaXe_003\Source.cpp(214,33): warning C4244: 'argument': conversion from 'int' to 'GLfloat', possible loss of data
D:\DOHOAMT\DuaXe_003\Source.cpp(215,52): warning C4244: 'argument': conversion from 'int' to 'GLfloat', possible loss of data
D:\DOHOAMT\DuaXe_003\Source.cpp(215,33): warning C4244: 'argument': conversion from 'int' to 'GLfloat', possible loss of data
D:\DOHOAMT\DuaXe_003\Source.cpp(216,52): warning C4244: 'argument': conversion from 'int' to 'GLfloat', possible loss of data
D:\DOHOAMT\DuaXe_003\Source.cpp(216,33): warning C4244: 'argument': conversion from 'int' to 'GLfloat', possible loss of data
D:\DOHOAMT\DuaXe_003\Source.cpp(223,52): warning C4244: 'argument': conversion from 'int' to 'GLfloat', possible loss of data
D:\DOHOAMT\DuaXe_003\Source.cpp(223,33): warning C4244: 'argument': conversion from 'int' to 'GLfloat', possible loss of data
D:\DOHOAMT\DuaXe_003\Source.cpp(224,52): warning C4244: 'argument': conversion from 'int' to 'GLfloat', possible loss of data
D:\DOHOAMT\DuaXe_003\Source.cpp(224,33): warning C4244: 'argument': conversion from 'int' to 'GLfloat', possible loss of data
D:\DOHOAMT\DuaXe_003\Source.cpp(225,52): warning C4244: 'argument': conversion from 'int' to 'GLfloat', possible loss of data
D:\DOHOAMT\DuaXe_003\Source.cpp(225,33): warning C4244: 'argument': conversion from 'int' to 'GLfloat', possible loss of data
D:\DOHOAMT\DuaXe_003\Source.cpp(226,52): warning C4244: 'argument': conversion from 'int' to 'GLfloat', possible loss of data
D:\DOHOAMT\DuaXe_003\Source.cpp(226,33): warning C4244: 'argument': conversion from 'int' to 'GLfloat', possible loss of data
D:\DOHOAMT\DuaXe_003\Source.cpp(233,52): warning C4244: 'argument': conversion from 'int' to 'GLfloat', possible loss of data
D:\DOHOAMT\DuaXe_003\Source.cpp(233,33): warning C4244: 'argument': conversion from 'int' to 'GLfloat', possible loss of data
D:\DOHOAMT\DuaXe_003\Source.cpp(234,52): warning C4244: 'argument': conversion from 'int' to 'GLfloat', possible loss of data
D:\DOHOAMT\DuaXe_003\Source.cpp(234,33): warning C4244: 'argument': conversion from 'int' to 'GLfloat', possible loss of data
D:\DOHOAMT\DuaXe_003\Source.cpp(235,52): warning C4244: 'argument': conversion from 'int' to 'GLfloat', possible loss of data
D:\DOHOAMT\DuaXe_003\Source.cpp(235,33): warning C4244: 'argument': conversion from 'int' to 'GLfloat', possible loss of data
D:\DOHOAMT\DuaXe_003\Source.cpp(236,52): warning C4244: 'argument': conversion from 'int' to 'GLfloat', possible loss of data
D:\DOHOAMT\DuaXe_003\Source.cpp(236,33): warning C4244: 'argument': conversion from 'int' to 'GLfloat', possible loss of data
D:\DOHOAMT\DuaXe_003\Source.cpp(243,52): warning C4244: 'argument': conversion from 'int' to 'GLfloat', possible loss of data
D:\DOHOAMT\DuaXe_003\Source.cpp(243,33): warning C4244: 'argument': conversion from 'int' to 'GLfloat', possible loss of data
D:\DOHOAMT\DuaXe_003\Source.cpp(244,52): warning C4244: 'argument': conversion from 'int' to 'GLfloat', possible loss of data
D:\DOHOAMT\DuaXe_003\Source.cpp(244,33): warning C4244: 'argument': conversion from 'int' to 'GLfloat', possible loss of data
D:\DOHOAMT\DuaXe_003\Source.cpp(245,52): warning C4244: 'argument': conversion from 'int' to 'GLfloat', possible loss of data
D:\DOHOAMT\DuaXe_003\Source.cpp(245,33): warning C4244: 'argument': conversion from 'int' to 'GLfloat', possible loss of data
D:\DOHOAMT\DuaXe_003\Source.cpp(246,52): warning C4244: 'argument': conversion from 'int' to 'GLfloat', possible loss of data
D:\DOHOAMT\DuaXe_003\Source.cpp(246,33): warning C4244: 'argument': conversion from 'int' to 'GLfloat', possible loss of data
D:\DOHOAMT\DuaXe_003\Source.cpp(295,25): warning C4244: '-=': conversion from 'double' to 'int', possible loss of data
D:\DOHOAMT\DuaXe_003\Source.cpp(370,25): warning C4244: '-=': conversion from 'double' to 'int', possible loss of data
D:\DOHOAMT\DuaXe_003\Source.cpp(412,11): warning C4244: 'argument': conversion from 'float' to 'int', possible loss of data
  DuaXe_003.vcxproj -> D:\DOHOAMT\DuaXe_003\Debug\DuaXe_003.exe
